<?xml version="1.0" encoding="UTF-8"?>
<!-- Generated by org.testng.reporters.JUnitReportReporter -->
<testsuite hostname="Mahbubs-MacBook-Pro.local" name="com.talentech.testNG.annotations1" tests="2" failures="0" timestamp="25 Jul 2016 15:35:24 GMT" time="0.011" errors="0">
  <testcase name="deleteStatus" time="0.009" classname="com.talentech.testNG.annotations1"/>
  <testcase name="updateStatus" time="0.002" classname="com.talentech.testNG.annotations1"/>
</testsuite> <!-- com.talentech.testNG.annotations1 -->
