<?xml version="1.0" encoding="UTF-8"?>
<!-- Generated by org.testng.reporters.JUnitReportReporter -->
<testsuite hostname="Mahbubs-MacBook-Pro.local" name="com.talentech.testNG.annotations4" tests="1" failures="0" timestamp="25 Jul 2016 19:49:19 GMT" time="0.015" errors="0">
  <testcase name="login" time="0.015" classname="com.talentech.testNG.annotations4"/>
</testsuite> <!-- com.talentech.testNG.annotations4 -->
