<?xml version="1.0" encoding="UTF-8"?>
<!-- Generated by org.testng.reporters.JUnitReportReporter -->
<testsuite hostname="Mahbubs-MacBook-Pro.local" name="com.talentech.testNG.annotations2" tests="3" failures="0" timestamp="25 Jul 2016 15:35:24 GMT" time="0.005" errors="0">
  <testcase name="flightLogin" time="0.002" classname="com.talentech.testNG.annotations2"/>
  <testcase name="flightLogin" time="0.002" classname="com.talentech.testNG.annotations2"/>
  <testcase name="flightLogin" time="0.001" classname="com.talentech.testNG.annotations2"/>
</testsuite> <!-- com.talentech.testNG.annotations2 -->
