<?xml version="1.0" encoding="UTF-8"?>
<!-- Generated by org.testng.reporters.JUnitReportReporter -->
<testsuite hostname="Mahbubs-MacBook-Pro.local" name="com.talentech.testNG.annotations3" tests="1" failures="0" timestamp="25 Jul 2016 15:36:40 GMT" time="0.011" errors="0">
  <testcase name="groupTest3" time="0.011" classname="com.talentech.testNG.annotations3"/>
</testsuite> <!-- com.talentech.testNG.annotations3 -->
