<?xml version="1.0" encoding="UTF-8"?>
<!-- Generated by org.testng.reporters.JUnitReportReporter -->
<testsuite hostname="Mahbubs-MacBook-Pro.local" name="com.talentech.ddt.newToursCommon" tests="1" failures="0" timestamp="26 Jul 2016 03:59:22 GMT" time="4.480" errors="0">
  <testcase name="login" time="4.480" classname="com.talentech.ddt.newToursCommon"/>
</testsuite> <!-- com.talentech.ddt.newToursCommon -->
