<?xml version="1.0" encoding="UTF-8"?>
<!-- Generated by org.testng.reporters.JUnitReportReporter -->
<testsuite hostname="Mahbubs-MacBook-Pro.local" name="com.talentech.testNG.annotation2" tests="3" failures="0" timestamp="24 Jul 2016 18:54:02 GMT" time="0.018" errors="0">
  <testcase name="flightLogin" time="0.013" classname="com.talentech.testNG.annotation2"/>
  <testcase name="flightLogin" time="0.002" classname="com.talentech.testNG.annotation2"/>
  <testcase name="flightLogin" time="0.003" classname="com.talentech.testNG.annotation2"/>
</testsuite> <!-- com.talentech.testNG.annotation2 -->
