<?xml version="1.0" encoding="UTF-8"?>
<!-- Generated by org.testng.reporters.JUnitReportReporter -->
<testsuite hostname="Mahbubs-MacBook-Pro.local" name="com.talentech.ddt.inheritanceDemo" tests="2" failures="0" timestamp="26 Jul 2016 13:57:23 GMT" time="5.371" errors="0">
  <testcase name="login" time="2.676" classname="com.talentech.ddt.inheritanceDemo"/>
  <testcase name="loginNewTours" time="2.695" classname="com.talentech.ddt.inheritanceDemo"/>
</testsuite> <!-- com.talentech.ddt.inheritanceDemo -->
