<?xml version="1.0" encoding="UTF-8"?>
<!-- Generated by org.testng.reporters.JUnitReportReporter -->
<testsuite hostname="Mahbubs-MacBook-Pro.local" name="com.talentech.testNG.annotation3" tests="1" failures="0" timestamp="24 Jul 2016 18:53:50 GMT" time="0.016" errors="0">
  <testcase name="newTest" time="0.016" classname="com.talentech.testNG.annotation3"/>
</testsuite> <!-- com.talentech.testNG.annotation3 -->
