<?xml version="1.0" encoding="UTF-8"?>
<!-- Generated by org.testng.reporters.JUnitReportReporter -->
<testsuite hostname="Mahbubs-MacBook-Pro.local" name="com.newtours.demo.newToursDemo" tests="3" failures="0" timestamp="18 Jul 2016 22:05:42 GMT" time="7.356" errors="0">
  <testcase name="flightLogin" time="2.044" classname="com.newtours.demo.newToursDemo"/>
  <testcase name="flightLogin" time="2.257" classname="com.newtours.demo.newToursDemo"/>
  <testcase name="flightLogin" time="3.055" classname="com.newtours.demo.newToursDemo"/>
</testsuite> <!-- com.newtours.demo.newToursDemo -->
